<?xml version="1.0" encoding="UTF-8"?>
<!-- Generated by org.testng.reporters.JUnitReportReporter -->
<testsuite hostname="QT-INBG-LT0222" failures="0" tests="1" name="singup" time="10.976" errors="0" timestamp="2022-10-12T11:49:23 IST" skipped="0">
  <testcase classname="singup" name="signup" time="10.976"/>
  <system-out/>
</testsuite> <!-- singup -->
