<?xml version="1.0" encoding="UTF-8"?>
<!-- Generated by org.testng.reporters.JUnitReportReporter -->
<testsuite hostname="QT-INBG-LT0222" failures="0" tests="1" name="order" time="17.997" errors="0" timestamp="2022-10-10T15:20:04 IST" skipped="0">
  <testcase classname="order" name="odr" time="17.997"/>
  <system-out/>
</testsuite> <!-- order -->
